  dllmain.cpp
C:\Users\rlckd\source\repos\OpenCVDLL_face\OpenCVDLL_face\dllmain.cpp(61): warning C4244: '인수': 'double'에서 '_Tp'(으)로 변환하면서 데이터가 손실될 수 있습니다.
          with
          [
              _Tp=float
          ]
C:\Users\rlckd\source\repos\OpenCVDLL_face\OpenCVDLL_face\dllmain.cpp(69): warning C4244: '초기화 중': 'double'에서 'int'(으)로 변환하면서 데이터가 손실될 수 있습니다.
C:\Users\rlckd\source\repos\OpenCVDLL_face\OpenCVDLL_face\dllmain.cpp(70): warning C4244: '초기화 중': 'double'에서 'int'(으)로 변환하면서 데이터가 손실될 수 있습니다.
C:\Users\rlckd\source\repos\OpenCVDLL_face\OpenCVDLL_face\dllmain.cpp(71): warning C4244: '초기화 중': 'double'에서 'int'(으)로 변환하면서 데이터가 손실될 수 있습니다.
C:\Users\rlckd\source\repos\OpenCVDLL_face\OpenCVDLL_face\dllmain.cpp(72): warning C4244: '초기화 중': 'double'에서 'int'(으)로 변환하면서 데이터가 손실될 수 있습니다.
C:\Users\rlckd\source\repos\OpenCVDLL_face\OpenCVDLL_face\dllmain.cpp(73): warning C4244: '인수': 'double'에서 'int'(으)로 변환하면서 데이터가 손실될 수 있습니다.
C:\Users\rlckd\source\repos\OpenCVDLL_face\OpenCVDLL_face\dllmain.cpp(110): warning C4244: '=': 'double'에서 'int'(으)로 변환하면서 데이터가 손실될 수 있습니다.
C:\Users\rlckd\source\repos\OpenCVDLL_face\OpenCVDLL_face\dllmain.cpp(111): warning C4244: '=': 'double'에서 'int'(으)로 변환하면서 데이터가 손실될 수 있습니다.
C:\Users\rlckd\source\repos\OpenCVDLL_face\OpenCVDLL_face\dllmain.cpp(112): warning C4244: '=': 'double'에서 'int'(으)로 변환하면서 데이터가 손실될 수 있습니다.
C:\Users\rlckd\source\repos\OpenCVDLL_face\OpenCVDLL_face\dllmain.cpp(116): warning C4244: '=': 'double'에서 'int'(으)로 변환하면서 데이터가 손실될 수 있습니다.
C:\Users\rlckd\source\repos\OpenCVDLL_face\OpenCVDLL_face\dllmain.cpp(124): warning C4305: '초기화 중': 'double'에서 'float'(으)로 잘립니다.
C:\Users\rlckd\source\repos\OpenCVDLL_face\OpenCVDLL_face\dllmain.cpp(150): warning C4244: '인수': 'double'에서 '_Tp'(으)로 변환하면서 데이터가 손실될 수 있습니다.
          with
          [
              _Tp=int
          ]
     C:\Users\rlckd\source\repos\OpenCVDLL_face\x64\Release\OpenCVDLL_face.lib 라이브러리 및 C:\Users\rlckd\source\repos\OpenCVDLL_face\x64\Release\OpenCVDLL_face.exp 개체를 생성하고 있습니다.
  코드를 생성하고 있습니다.
  0 of 116 functions ( 0.0%) were compiled, the rest were copied from previous compilation.
    0 functions were new in current compilation
    0 functions had inline decision re-evaluated but remain unchanged
  코드를 생성했습니다.
  OpenCVDLL_face.vcxproj -> C:\Users\rlckd\source\repos\OpenCVDLL_face\x64\Release\OpenCVDLL_face.dll
